<?xml version="1.0" encoding="UTF-8"?>
<!-- Generated by org.testng.reporters.JUnitXMLReporter -->
<testsuite hostname="AppleTree" name="Command line test" tests="4" failures="0" timestamp="21 Aug 2015 15:02:08 GMT" time="67.987" errors="0">
  <testcase name="TC1" time="31.226" classname="com.mefozzy.calculatortest.BaseTestCaseNGTest"/>
  <testcase name="testChrome" time="6.365" classname="com.mefozzy.projectcalculator.CalculatorNGTest"/>
  <testcase name="testFireFox" time="10.64" classname="com.mefozzy.projectcalculator.CalculatorNGTest"/>
  <testcase name="testIE" time="12.31" classname="com.mefozzy.projectcalculator.CalculatorNGTest"/>
</testsuite> <!-- Command line test -->
