<?xml version="1.0" encoding="UTF-8"?>
<testng-results skipped="0" failed="0" total="4" passed="4">
  <reporter-output>
  </reporter-output>
  <suite name="Command line suite" duration-ms="67987" started-at="2015-08-21T15:01:00Z" finished-at="2015-08-21T15:02:08Z">
    <groups>
    </groups>
    <test name="Command line test" duration-ms="67987" started-at="2015-08-21T15:01:00Z" finished-at="2015-08-21T15:02:08Z">
      <class name="com.mefozzy.calculatortest.BaseTestCaseNGTest">
        <test-method status="PASS" signature="StartUp()[pri:0, instance:com.mefozzy.calculatortest.BaseTestCaseNGTest@600dbfd]" name="StartUp" is-config="true" duration-ms="1277" started-at="2015-08-21T18:01:00Z" finished-at="2015-08-21T18:01:01Z">
          <reporter-output>
          </reporter-output>
        </test-method> <!-- StartUp -->
        <test-method status="PASS" signature="TC1()[pri:0, instance:com.mefozzy.calculatortest.BaseTestCaseNGTest@600dbfd]" name="TC1" duration-ms="31226" started-at="2015-08-21T18:01:01Z" finished-at="2015-08-21T18:01:32Z">
          <reporter-output>
          </reporter-output>
        </test-method> <!-- TC1 -->
        <test-method status="PASS" signature="tesrDown()[pri:0, instance:com.mefozzy.calculatortest.BaseTestCaseNGTest@600dbfd]" name="tesrDown" is-config="true" duration-ms="1512" started-at="2015-08-21T18:01:32Z" finished-at="2015-08-21T18:01:34Z">
          <reporter-output>
          </reporter-output>
        </test-method> <!-- tesrDown -->
        <test-method status="PASS" signature="tearDown()[pri:0, instance:com.mefozzy.calculatortest.BaseTestCaseNGTest@600dbfd]" name="tearDown" is-config="true" duration-ms="0" started-at="2015-08-21T18:02:08Z" finished-at="2015-08-21T18:02:08Z">
          <reporter-output>
          </reporter-output>
        </test-method> <!-- tearDown -->
      </class> <!-- com.mefozzy.calculatortest.BaseTestCaseNGTest -->
      <class name="com.mefozzy.projectcalculator.CalculatorNGTest">
        <test-method status="PASS" signature="testChrome()[pri:0, instance:com.mefozzy.projectcalculator.CalculatorNGTest@2ee1254d]" name="testChrome" duration-ms="6365" started-at="2015-08-21T18:01:34Z" finished-at="2015-08-21T18:01:40Z">
          <reporter-output>
          </reporter-output>
        </test-method> <!-- testChrome -->
        <test-method status="PASS" signature="tearDownMethod()[pri:0, instance:com.mefozzy.projectcalculator.CalculatorNGTest@2ee1254d]" name="tearDownMethod" is-config="true" duration-ms="1799" started-at="2015-08-21T18:01:40Z" finished-at="2015-08-21T18:01:42Z">
          <reporter-output>
          </reporter-output>
        </test-method> <!-- tearDownMethod -->
        <test-method status="PASS" signature="testFireFox()[pri:0, instance:com.mefozzy.projectcalculator.CalculatorNGTest@2ee1254d]" name="testFireFox" duration-ms="10640" started-at="2015-08-21T18:01:42Z" finished-at="2015-08-21T18:01:53Z">
          <reporter-output>
          </reporter-output>
        </test-method> <!-- testFireFox -->
        <test-method status="PASS" signature="tearDownMethod()[pri:0, instance:com.mefozzy.projectcalculator.CalculatorNGTest@2ee1254d]" name="tearDownMethod" is-config="true" duration-ms="1456" started-at="2015-08-21T18:01:53Z" finished-at="2015-08-21T18:01:54Z">
          <reporter-output>
          </reporter-output>
        </test-method> <!-- tearDownMethod -->
        <test-method status="PASS" signature="testIE()[pri:0, instance:com.mefozzy.projectcalculator.CalculatorNGTest@2ee1254d]" name="testIE" duration-ms="12310" started-at="2015-08-21T18:01:54Z" finished-at="2015-08-21T18:02:06Z">
          <reporter-output>
          </reporter-output>
        </test-method> <!-- testIE -->
        <test-method status="PASS" signature="tearDownMethod()[pri:0, instance:com.mefozzy.projectcalculator.CalculatorNGTest@2ee1254d]" name="tearDownMethod" is-config="true" duration-ms="1360" started-at="2015-08-21T18:02:06Z" finished-at="2015-08-21T18:02:08Z">
          <reporter-output>
          </reporter-output>
        </test-method> <!-- tearDownMethod -->
      </class> <!-- com.mefozzy.projectcalculator.CalculatorNGTest -->
    </test> <!-- Command line test -->
  </suite> <!-- Command line suite -->
</testng-results>
