<?xml version="1.0" encoding="UTF-8"?>
<!-- Generated by org.testng.reporters.JUnitXMLReporter -->
<testsuite hostname="AppleTree" name="Command line test" tests="1" failures="1" timestamp="17 Aug 2015 10:31:53 GMT" time="0.072" errors="0">
  <testcase name="testTearDown" time="0.017" classname="com.mefozzy.basecalculator.TestBaseNGTest">
    <failure type="java.lang.AssertionError" message="Этот тест является прототипом.">
      <![CDATA[java.lang.AssertionError: Этот тест является прототипом.
	at com.mefozzy.basecalculator.TestBaseNGTest.testTearDown(TestBaseNGTest.java:49)
... Removed 34 stack frames]]>
    </failure>
  </testcase> <!-- testTearDown -->
</testsuite> <!-- Command line test -->
